<?xml version="1.0" encoding="UTF-8"?>
<robot generator="Robot 6.0.2 (Python 3.11.0 on win32)" generated="20230129 11:30:52.647" rpa="false" schemaversion="3">
<suite id="s1" name="Listy" source="C:\Users\vdi-student\PycharmProjects\zajecia_niedziela\listy.robot">
<test id="s1-t1" name="List Basic" line="11">
<for flavor="IN">
<var>${index}</var>
<value>@{my_list}</value>
<iter>
<var name="${index}">1</var>
<kw name="Log" library="BuiltIn">
<arg>${index}</arg>
<doc>Logs the given message with the given level.</doc>
<msg timestamp="20230129 11:30:52.682" level="INFO">1</msg>
<status status="PASS" starttime="20230129 11:30:52.682" endtime="20230129 11:30:52.682"/>
</kw>
<status status="PASS" starttime="20230129 11:30:52.682" endtime="20230129 11:30:52.682"/>
</iter>
<iter>
<var name="${index}">2</var>
<kw name="Log" library="BuiltIn">
<arg>${index}</arg>
<doc>Logs the given message with the given level.</doc>
<msg timestamp="20230129 11:30:52.687" level="INFO">2</msg>
<status status="PASS" starttime="20230129 11:30:52.687" endtime="20230129 11:30:52.687"/>
</kw>
<status status="PASS" starttime="20230129 11:30:52.682" endtime="20230129 11:30:52.687"/>
</iter>
<iter>
<var name="${index}">3</var>
<kw name="Log" library="BuiltIn">
<arg>${index}</arg>
<doc>Logs the given message with the given level.</doc>
<msg timestamp="20230129 11:30:52.687" level="INFO">3</msg>
<status status="PASS" starttime="20230129 11:30:52.687" endtime="20230129 11:30:52.687"/>
</kw>
<status status="PASS" starttime="20230129 11:30:52.687" endtime="20230129 11:30:52.687"/>
</iter>
<iter>
<var name="${index}">4</var>
<kw name="Log" library="BuiltIn">
<arg>${index}</arg>
<doc>Logs the given message with the given level.</doc>
<msg timestamp="20230129 11:30:52.687" level="INFO">4</msg>
<status status="PASS" starttime="20230129 11:30:52.687" endtime="20230129 11:30:52.687"/>
</kw>
<status status="PASS" starttime="20230129 11:30:52.687" endtime="20230129 11:30:52.687"/>
</iter>
<status status="PASS" starttime="20230129 11:30:52.682" endtime="20230129 11:30:52.687"/>
</for>
<kw name="Append To List" library="Collections">
<arg>${my_list}</arg>
<arg>${4}</arg>
<doc>Adds ``values`` to the end of ``list``.</doc>
<status status="PASS" starttime="20230129 11:30:52.687" endtime="20230129 11:30:52.687"/>
</kw>
<kw name="Append To List" library="Collections">
<arg>${my_list}</arg>
<arg>wyraz</arg>
<doc>Adds ``values`` to the end of ``list``.</doc>
<status status="PASS" starttime="20230129 11:30:52.687" endtime="20230129 11:30:52.687"/>
</kw>
<kw name="Append To List" library="Collections">
<arg>${my_list}</arg>
<arg>wyraz</arg>
<doc>Adds ``values`` to the end of ``list``.</doc>
<status status="PASS" starttime="20230129 11:30:52.687" endtime="20230129 11:30:52.687"/>
</kw>
<kw name="Append To List" library="Collections">
<arg>${my_list}</arg>
<arg>${slowo}</arg>
<doc>Adds ``values`` to the end of ``list``.</doc>
<status status="PASS" starttime="20230129 11:30:52.687" endtime="20230129 11:30:52.687"/>
</kw>
<kw name="Log" library="BuiltIn">
<arg>${my_list}</arg>
<doc>Logs the given message with the given level.</doc>
<msg timestamp="20230129 11:30:52.692" level="INFO">['1', '2', '3', '4', 4, 'wyraz', 'wyraz', 'WSB']</msg>
<status status="PASS" starttime="20230129 11:30:52.692" endtime="20230129 11:30:52.692"/>
</kw>
<kw name="Remove Duplicates" library="Collections">
<var>${my_list}</var>
<arg>${my_list}</arg>
<doc>Returns a list without duplicates based on the given ``list``.</doc>
<msg timestamp="20230129 11:30:52.692" level="INFO">1 duplicate removed.</msg>
<msg timestamp="20230129 11:30:52.692" level="INFO">${my_list} = ['1', '2', '3', '4', 4, 'wyraz', 'WSB']</msg>
<status status="PASS" starttime="20230129 11:30:52.692" endtime="20230129 11:30:52.692"/>
</kw>
<kw name="Log" library="BuiltIn">
<arg>${my_list}</arg>
<doc>Logs the given message with the given level.</doc>
<msg timestamp="20230129 11:30:52.692" level="INFO">['1', '2', '3', '4', 4, 'wyraz', 'WSB']</msg>
<status status="PASS" starttime="20230129 11:30:52.692" endtime="20230129 11:30:52.692"/>
</kw>
<kw name="Remove Values From List" library="Collections">
<arg>${my_list}</arg>
<arg>2</arg>
<arg>3</arg>
<doc>Removes all occurrences of given ``values`` from ``list``.</doc>
<status status="PASS" starttime="20230129 11:30:52.692" endtime="20230129 11:30:52.692"/>
</kw>
<kw name="Log" library="BuiltIn">
<arg>${my_list}</arg>
<doc>Logs the given message with the given level.</doc>
<msg timestamp="20230129 11:30:52.692" level="INFO">['1', '4', 4, 'wyraz', 'WSB']</msg>
<status status="PASS" starttime="20230129 11:30:52.692" endtime="20230129 11:30:52.692"/>
</kw>
<kw name="List Should Contain Value" library="Collections">
<arg>${my_list}</arg>
<arg>WSB</arg>
<doc>Fails if the ``value`` is not found from ``list``.</doc>
<status status="PASS" starttime="20230129 11:30:52.692" endtime="20230129 11:30:52.692"/>
</kw>
<status status="PASS" starttime="20230129 11:30:52.682" endtime="20230129 11:30:52.692"/>
</test>
<status status="PASS" starttime="20230129 11:30:52.647" endtime="20230129 11:30:52.697"/>
</suite>
<statistics>
<total>
<stat pass="1" fail="0" skip="0">All Tests</stat>
</total>
<tag>
</tag>
<suite>
<stat pass="1" fail="0" skip="0" id="s1" name="Listy">Listy</stat>
</suite>
</statistics>
<errors>
</errors>
</robot>
