<?xml version="1.0" encoding="UTF-8"?>
<robot generator="Robot 6.0.2 (Python 3.11.0 on win32)" generated="20230129 10:59:05.921" rpa="false" schemaversion="3">
<suite id="s1" name="Petle" source="C:\Users\vdi-student\PycharmProjects\zajecia_niedziela\petle.robot">
<test id="s1-t1" name="Nest Loops" line="9">
<kw name="Create List" library="BuiltIn">
<var>@{letters}</var>
<arg>a</arg>
<arg>b</arg>
<arg>c</arg>
<arg>d</arg>
<doc>Returns a list containing given items.</doc>
<msg timestamp="20230129 10:59:05.971" level="INFO">@{letters} = [ a | b | c | d ]</msg>
<status status="PASS" starttime="20230129 10:59:05.971" endtime="20230129 10:59:05.971"/>
</kw>
<kw name="Log" library="BuiltIn">
<arg>${letters}</arg>
<doc>Logs the given message with the given level.</doc>
<msg timestamp="20230129 10:59:05.971" level="INFO">['a', 'b', 'c', 'd']</msg>
<status status="PASS" starttime="20230129 10:59:05.971" endtime="20230129 10:59:05.971"/>
</kw>
<kw name="Create List" library="BuiltIn">
<var>@{numbers}</var>
<arg>${1}</arg>
<arg>${2}</arg>
<arg>${3}</arg>
<doc>Returns a list containing given items.</doc>
<msg timestamp="20230129 10:59:05.971" level="INFO">@{numbers} = [ 1 | 2 | 3 ]</msg>
<status status="PASS" starttime="20230129 10:59:05.971" endtime="20230129 10:59:05.971"/>
</kw>
<kw name="Log" library="BuiltIn">
<arg>${numbers}</arg>
<doc>Logs the given message with the given level.</doc>
<msg timestamp="20230129 10:59:05.976" level="INFO">[1, 2, 3]</msg>
<status status="PASS" starttime="20230129 10:59:05.976" endtime="20230129 10:59:05.976"/>
</kw>
<for flavor="IN">
<var>${letter}</var>
<value>@{letters}</value>
<iter>
<var name="${letter}">a</var>
<for flavor="IN">
<var>${number}</var>
<value>@{numbers}</value>
<iter>
<var name="${number}">1</var>
<kw name="Log" library="BuiltIn">
<arg>${letter} ${number}</arg>
<doc>Logs the given message with the given level.</doc>
<msg timestamp="20230129 10:59:05.976" level="INFO">a 1</msg>
<status status="PASS" starttime="20230129 10:59:05.976" endtime="20230129 10:59:05.976"/>
</kw>
<status status="PASS" starttime="20230129 10:59:05.976" endtime="20230129 10:59:05.976"/>
</iter>
<iter>
<var name="${number}">2</var>
<kw name="Log" library="BuiltIn">
<arg>${letter} ${number}</arg>
<doc>Logs the given message with the given level.</doc>
<msg timestamp="20230129 10:59:05.976" level="INFO">a 2</msg>
<status status="PASS" starttime="20230129 10:59:05.976" endtime="20230129 10:59:05.976"/>
</kw>
<status status="PASS" starttime="20230129 10:59:05.976" endtime="20230129 10:59:05.976"/>
</iter>
<iter>
<var name="${number}">3</var>
<kw name="Log" library="BuiltIn">
<arg>${letter} ${number}</arg>
<doc>Logs the given message with the given level.</doc>
<msg timestamp="20230129 10:59:05.976" level="INFO">a 3</msg>
<status status="PASS" starttime="20230129 10:59:05.976" endtime="20230129 10:59:05.976"/>
</kw>
<status status="PASS" starttime="20230129 10:59:05.976" endtime="20230129 10:59:05.976"/>
</iter>
<status status="PASS" starttime="20230129 10:59:05.976" endtime="20230129 10:59:05.976"/>
</for>
<status status="PASS" starttime="20230129 10:59:05.976" endtime="20230129 10:59:05.976"/>
</iter>
<iter>
<var name="${letter}">b</var>
<for flavor="IN">
<var>${number}</var>
<value>@{numbers}</value>
<iter>
<var name="${number}">1</var>
<kw name="Log" library="BuiltIn">
<arg>${letter} ${number}</arg>
<doc>Logs the given message with the given level.</doc>
<msg timestamp="20230129 10:59:05.976" level="INFO">b 1</msg>
<status status="PASS" starttime="20230129 10:59:05.976" endtime="20230129 10:59:05.976"/>
</kw>
<status status="PASS" starttime="20230129 10:59:05.976" endtime="20230129 10:59:05.976"/>
</iter>
<iter>
<var name="${number}">2</var>
<kw name="Log" library="BuiltIn">
<arg>${letter} ${number}</arg>
<doc>Logs the given message with the given level.</doc>
<msg timestamp="20230129 10:59:05.976" level="INFO">b 2</msg>
<status status="PASS" starttime="20230129 10:59:05.976" endtime="20230129 10:59:05.976"/>
</kw>
<status status="PASS" starttime="20230129 10:59:05.976" endtime="20230129 10:59:05.976"/>
</iter>
<iter>
<var name="${number}">3</var>
<kw name="Log" library="BuiltIn">
<arg>${letter} ${number}</arg>
<doc>Logs the given message with the given level.</doc>
<msg timestamp="20230129 10:59:05.981" level="INFO">b 3</msg>
<status status="PASS" starttime="20230129 10:59:05.976" endtime="20230129 10:59:05.981"/>
</kw>
<status status="PASS" starttime="20230129 10:59:05.976" endtime="20230129 10:59:05.981"/>
</iter>
<status status="PASS" starttime="20230129 10:59:05.976" endtime="20230129 10:59:05.981"/>
</for>
<status status="PASS" starttime="20230129 10:59:05.976" endtime="20230129 10:59:05.981"/>
</iter>
<iter>
<var name="${letter}">c</var>
<for flavor="IN">
<var>${number}</var>
<value>@{numbers}</value>
<iter>
<var name="${number}">1</var>
<kw name="Log" library="BuiltIn">
<arg>${letter} ${number}</arg>
<doc>Logs the given message with the given level.</doc>
<msg timestamp="20230129 10:59:05.981" level="INFO">c 1</msg>
<status status="PASS" starttime="20230129 10:59:05.981" endtime="20230129 10:59:05.981"/>
</kw>
<status status="PASS" starttime="20230129 10:59:05.981" endtime="20230129 10:59:05.981"/>
</iter>
<iter>
<var name="${number}">2</var>
<kw name="Log" library="BuiltIn">
<arg>${letter} ${number}</arg>
<doc>Logs the given message with the given level.</doc>
<msg timestamp="20230129 10:59:05.981" level="INFO">c 2</msg>
<status status="PASS" starttime="20230129 10:59:05.981" endtime="20230129 10:59:05.981"/>
</kw>
<status status="PASS" starttime="20230129 10:59:05.981" endtime="20230129 10:59:05.981"/>
</iter>
<iter>
<var name="${number}">3</var>
<kw name="Log" library="BuiltIn">
<arg>${letter} ${number}</arg>
<doc>Logs the given message with the given level.</doc>
<msg timestamp="20230129 10:59:05.981" level="INFO">c 3</msg>
<status status="PASS" starttime="20230129 10:59:05.981" endtime="20230129 10:59:05.981"/>
</kw>
<status status="PASS" starttime="20230129 10:59:05.981" endtime="20230129 10:59:05.981"/>
</iter>
<status status="PASS" starttime="20230129 10:59:05.981" endtime="20230129 10:59:05.981"/>
</for>
<status status="PASS" starttime="20230129 10:59:05.981" endtime="20230129 10:59:05.981"/>
</iter>
<iter>
<var name="${letter}">d</var>
<for flavor="IN">
<var>${number}</var>
<value>@{numbers}</value>
<iter>
<var name="${number}">1</var>
<kw name="Log" library="BuiltIn">
<arg>${letter} ${number}</arg>
<doc>Logs the given message with the given level.</doc>
<msg timestamp="20230129 10:59:05.981" level="INFO">d 1</msg>
<status status="PASS" starttime="20230129 10:59:05.981" endtime="20230129 10:59:05.981"/>
</kw>
<status status="PASS" starttime="20230129 10:59:05.981" endtime="20230129 10:59:05.981"/>
</iter>
<iter>
<var name="${number}">2</var>
<kw name="Log" library="BuiltIn">
<arg>${letter} ${number}</arg>
<doc>Logs the given message with the given level.</doc>
<msg timestamp="20230129 10:59:05.981" level="INFO">d 2</msg>
<status status="PASS" starttime="20230129 10:59:05.981" endtime="20230129 10:59:05.981"/>
</kw>
<status status="PASS" starttime="20230129 10:59:05.981" endtime="20230129 10:59:05.981"/>
</iter>
<iter>
<var name="${number}">3</var>
<kw name="Log" library="BuiltIn">
<arg>${letter} ${number}</arg>
<doc>Logs the given message with the given level.</doc>
<msg timestamp="20230129 10:59:05.981" level="INFO">d 3</msg>
<status status="PASS" starttime="20230129 10:59:05.981" endtime="20230129 10:59:05.981"/>
</kw>
<status status="PASS" starttime="20230129 10:59:05.981" endtime="20230129 10:59:05.981"/>
</iter>
<status status="PASS" starttime="20230129 10:59:05.981" endtime="20230129 10:59:05.981"/>
</for>
<status status="PASS" starttime="20230129 10:59:05.981" endtime="20230129 10:59:05.981"/>
</iter>
<status status="PASS" starttime="20230129 10:59:05.976" endtime="20230129 10:59:05.981"/>
</for>
<status status="PASS" starttime="20230129 10:59:05.966" endtime="20230129 10:59:05.986"/>
</test>
<test id="s1-t2" name="For Loop In Dictionary" line="19">
<kw name="Log" library="BuiltIn">
<arg>${dictionary}</arg>
<doc>Logs the given message with the given level.</doc>
<msg timestamp="20230129 10:59:05.986" level="INFO">{'slowo': 'piesek', 'numer': '30', 'lista': ['pierwszy', 'drugi', 'trzeci', 'czwarty', 'piaty']}</msg>
<status status="PASS" starttime="20230129 10:59:05.986" endtime="20230129 10:59:05.986"/>
</kw>
<for flavor="IN">
<var>${keys_and_values}</var>
<value>&amp;{dictionary}</value>
<iter>
<var name="${keys_and_values}">('slowo', 'piesek')</var>
<kw name="Log" library="BuiltIn">
<arg>${keys_and_values}</arg>
<doc>Logs the given message with the given level.</doc>
<msg timestamp="20230129 10:59:05.991" level="INFO">('slowo', 'piesek')</msg>
<status status="PASS" starttime="20230129 10:59:05.991" endtime="20230129 10:59:05.991"/>
</kw>
<status status="PASS" starttime="20230129 10:59:05.991" endtime="20230129 10:59:05.991"/>
</iter>
<iter>
<var name="${keys_and_values}">('numer', '30')</var>
<kw name="Log" library="BuiltIn">
<arg>${keys_and_values}</arg>
<doc>Logs the given message with the given level.</doc>
<msg timestamp="20230129 10:59:05.991" level="INFO">('numer', '30')</msg>
<status status="PASS" starttime="20230129 10:59:05.991" endtime="20230129 10:59:05.991"/>
</kw>
<status status="PASS" starttime="20230129 10:59:05.991" endtime="20230129 10:59:05.991"/>
</iter>
<iter>
<var name="${keys_and_values}">('lista', ['pierwszy', 'drugi', 'trzeci', 'czwarty', 'piaty'])</var>
<kw name="Log" library="BuiltIn">
<arg>${keys_and_values}</arg>
<doc>Logs the given message with the given level.</doc>
<msg timestamp="20230129 10:59:05.991" level="INFO">('lista', ['pierwszy', 'drugi', 'trzeci', 'czwarty', 'piaty'])</msg>
<status status="PASS" starttime="20230129 10:59:05.991" endtime="20230129 10:59:05.991"/>
</kw>
<status status="PASS" starttime="20230129 10:59:05.991" endtime="20230129 10:59:05.991"/>
</iter>
<status status="PASS" starttime="20230129 10:59:05.986" endtime="20230129 10:59:05.991"/>
</for>
<status status="PASS" starttime="20230129 10:59:05.986" endtime="20230129 10:59:05.991"/>
</test>
<test id="s1-t3" name="For Loop In Range With Index" line="24">
<for flavor="IN RANGE">
<var>${i}</var>
<value>4</value>
<iter>
<var name="${i}">0</var>
<kw name="Log" library="BuiltIn">
<arg>${imiona}[${i}] ${nazwiska}[${i}]</arg>
<doc>Logs the given message with the given level.</doc>
<msg timestamp="20230129 10:59:05.996" level="INFO">Kamil Kowalski</msg>
<status status="PASS" starttime="20230129 10:59:05.991" endtime="20230129 10:59:05.996"/>
</kw>
<status status="PASS" starttime="20230129 10:59:05.991" endtime="20230129 10:59:05.996"/>
</iter>
<iter>
<var name="${i}">1</var>
<kw name="Log" library="BuiltIn">
<arg>${imiona}[${i}] ${nazwiska}[${i}]</arg>
<doc>Logs the given message with the given level.</doc>
<msg timestamp="20230129 10:59:05.996" level="INFO">Marta malinowski</msg>
<status status="PASS" starttime="20230129 10:59:05.996" endtime="20230129 10:59:05.996"/>
</kw>
<status status="PASS" starttime="20230129 10:59:05.996" endtime="20230129 10:59:05.996"/>
</iter>
<iter>
<var name="${i}">2</var>
<kw name="Log" library="BuiltIn">
<arg>${imiona}[${i}] ${nazwiska}[${i}]</arg>
<doc>Logs the given message with the given level.</doc>
<msg timestamp="20230129 10:59:05.996" level="INFO">Augusto Nowak</msg>
<status status="PASS" starttime="20230129 10:59:05.996" endtime="20230129 10:59:05.996"/>
</kw>
<status status="PASS" starttime="20230129 10:59:05.996" endtime="20230129 10:59:05.996"/>
</iter>
<iter>
<var name="${i}">3</var>
<kw name="Log" library="BuiltIn">
<arg>${imiona}[${i}] ${nazwiska}[${i}]</arg>
<doc>Logs the given message with the given level.</doc>
<msg timestamp="20230129 10:59:05.996" level="INFO">Marek nijaki</msg>
<status status="PASS" starttime="20230129 10:59:05.996" endtime="20230129 10:59:05.996"/>
</kw>
<status status="PASS" starttime="20230129 10:59:05.996" endtime="20230129 10:59:05.996"/>
</iter>
<status status="PASS" starttime="20230129 10:59:05.991" endtime="20230129 10:59:05.996"/>
</for>
<status status="PASS" starttime="20230129 10:59:05.991" endtime="20230129 10:59:05.996"/>
</test>
<test id="s1-t4" name="For Loop in List" line="28">
<for flavor="IN">
<var>${item}</var>
<value>@{list_of_numbers}</value>
<iter>
<var name="${item}">1</var>
<if>
<branch type="IF" condition="${item} == 3">
<kw name="Log" library="BuiltIn">
<arg>${item}</arg>
<doc>Logs the given message with the given level.</doc>
<status status="NOT RUN" starttime="20230129 10:59:06.001" endtime="20230129 10:59:06.001"/>
</kw>
<status status="NOT RUN" starttime="20230129 10:59:06.001" endtime="20230129 10:59:06.001"/>
</branch>
<status status="PASS" starttime="20230129 10:59:06.001" endtime="20230129 10:59:06.001"/>
</if>
<status status="PASS" starttime="20230129 10:59:06.001" endtime="20230129 10:59:06.001"/>
</iter>
<iter>
<var name="${item}">2</var>
<if>
<branch type="IF" condition="${item} == 3">
<kw name="Log" library="BuiltIn">
<arg>${item}</arg>
<doc>Logs the given message with the given level.</doc>
<status status="NOT RUN" starttime="20230129 10:59:06.001" endtime="20230129 10:59:06.001"/>
</kw>
<status status="NOT RUN" starttime="20230129 10:59:06.001" endtime="20230129 10:59:06.001"/>
</branch>
<status status="PASS" starttime="20230129 10:59:06.001" endtime="20230129 10:59:06.001"/>
</if>
<status status="PASS" starttime="20230129 10:59:06.001" endtime="20230129 10:59:06.001"/>
</iter>
<iter>
<var name="${item}">3</var>
<if>
<branch type="IF" condition="${item} == 3">
<kw name="Log" library="BuiltIn">
<arg>${item}</arg>
<doc>Logs the given message with the given level.</doc>
<msg timestamp="20230129 10:59:06.001" level="INFO">3</msg>
<status status="PASS" starttime="20230129 10:59:06.001" endtime="20230129 10:59:06.001"/>
</kw>
<status status="PASS" starttime="20230129 10:59:06.001" endtime="20230129 10:59:06.001"/>
</branch>
<status status="PASS" starttime="20230129 10:59:06.001" endtime="20230129 10:59:06.001"/>
</if>
<status status="PASS" starttime="20230129 10:59:06.001" endtime="20230129 10:59:06.001"/>
</iter>
<iter>
<var name="${item}">4</var>
<if>
<branch type="IF" condition="${item} == 3">
<kw name="Log" library="BuiltIn">
<arg>${item}</arg>
<doc>Logs the given message with the given level.</doc>
<status status="NOT RUN" starttime="20230129 10:59:06.001" endtime="20230129 10:59:06.001"/>
</kw>
<status status="NOT RUN" starttime="20230129 10:59:06.001" endtime="20230129 10:59:06.001"/>
</branch>
<status status="PASS" starttime="20230129 10:59:06.001" endtime="20230129 10:59:06.001"/>
</if>
<status status="PASS" starttime="20230129 10:59:06.001" endtime="20230129 10:59:06.001"/>
</iter>
<iter>
<var name="${item}">5</var>
<if>
<branch type="IF" condition="${item} == 3">
<kw name="Log" library="BuiltIn">
<arg>${item}</arg>
<doc>Logs the given message with the given level.</doc>
<status status="NOT RUN" starttime="20230129 10:59:06.001" endtime="20230129 10:59:06.001"/>
</kw>
<status status="NOT RUN" starttime="20230129 10:59:06.001" endtime="20230129 10:59:06.001"/>
</branch>
<status status="PASS" starttime="20230129 10:59:06.001" endtime="20230129 10:59:06.001"/>
</if>
<status status="PASS" starttime="20230129 10:59:06.001" endtime="20230129 10:59:06.001"/>
</iter>
<status status="PASS" starttime="20230129 10:59:06.001" endtime="20230129 10:59:06.006"/>
</for>
<status status="PASS" starttime="20230129 10:59:06.001" endtime="20230129 10:59:06.006"/>
</test>
<test id="s1-t5" name="For Loop In Range 10" line="32">
<for flavor="IN RANGE">
<var>${i}</var>
<value>10</value>
<iter>
<var name="${i}">0</var>
<kw name="Log" library="BuiltIn">
<arg>${i}</arg>
<doc>Logs the given message with the given level.</doc>
<msg timestamp="20230129 10:59:06.006" level="INFO">0</msg>
<status status="PASS" starttime="20230129 10:59:06.006" endtime="20230129 10:59:06.006"/>
</kw>
<status status="PASS" starttime="20230129 10:59:06.006" endtime="20230129 10:59:06.006"/>
</iter>
<iter>
<var name="${i}">1</var>
<kw name="Log" library="BuiltIn">
<arg>${i}</arg>
<doc>Logs the given message with the given level.</doc>
<msg timestamp="20230129 10:59:06.006" level="INFO">1</msg>
<status status="PASS" starttime="20230129 10:59:06.006" endtime="20230129 10:59:06.006"/>
</kw>
<status status="PASS" starttime="20230129 10:59:06.006" endtime="20230129 10:59:06.006"/>
</iter>
<iter>
<var name="${i}">2</var>
<kw name="Log" library="BuiltIn">
<arg>${i}</arg>
<doc>Logs the given message with the given level.</doc>
<msg timestamp="20230129 10:59:06.006" level="INFO">2</msg>
<status status="PASS" starttime="20230129 10:59:06.006" endtime="20230129 10:59:06.006"/>
</kw>
<status status="PASS" starttime="20230129 10:59:06.006" endtime="20230129 10:59:06.006"/>
</iter>
<iter>
<var name="${i}">3</var>
<kw name="Log" library="BuiltIn">
<arg>${i}</arg>
<doc>Logs the given message with the given level.</doc>
<msg timestamp="20230129 10:59:06.006" level="INFO">3</msg>
<status status="PASS" starttime="20230129 10:59:06.006" endtime="20230129 10:59:06.006"/>
</kw>
<status status="PASS" starttime="20230129 10:59:06.006" endtime="20230129 10:59:06.006"/>
</iter>
<iter>
<var name="${i}">4</var>
<kw name="Log" library="BuiltIn">
<arg>${i}</arg>
<doc>Logs the given message with the given level.</doc>
<msg timestamp="20230129 10:59:06.006" level="INFO">4</msg>
<status status="PASS" starttime="20230129 10:59:06.006" endtime="20230129 10:59:06.006"/>
</kw>
<status status="PASS" starttime="20230129 10:59:06.006" endtime="20230129 10:59:06.011"/>
</iter>
<iter>
<var name="${i}">5</var>
<kw name="Log" library="BuiltIn">
<arg>${i}</arg>
<doc>Logs the given message with the given level.</doc>
<msg timestamp="20230129 10:59:06.011" level="INFO">5</msg>
<status status="PASS" starttime="20230129 10:59:06.011" endtime="20230129 10:59:06.011"/>
</kw>
<status status="PASS" starttime="20230129 10:59:06.011" endtime="20230129 10:59:06.011"/>
</iter>
<iter>
<var name="${i}">6</var>
<kw name="Log" library="BuiltIn">
<arg>${i}</arg>
<doc>Logs the given message with the given level.</doc>
<msg timestamp="20230129 10:59:06.011" level="INFO">6</msg>
<status status="PASS" starttime="20230129 10:59:06.011" endtime="20230129 10:59:06.011"/>
</kw>
<status status="PASS" starttime="20230129 10:59:06.011" endtime="20230129 10:59:06.011"/>
</iter>
<iter>
<var name="${i}">7</var>
<kw name="Log" library="BuiltIn">
<arg>${i}</arg>
<doc>Logs the given message with the given level.</doc>
<msg timestamp="20230129 10:59:06.011" level="INFO">7</msg>
<status status="PASS" starttime="20230129 10:59:06.011" endtime="20230129 10:59:06.011"/>
</kw>
<status status="PASS" starttime="20230129 10:59:06.011" endtime="20230129 10:59:06.011"/>
</iter>
<iter>
<var name="${i}">8</var>
<kw name="Log" library="BuiltIn">
<arg>${i}</arg>
<doc>Logs the given message with the given level.</doc>
<msg timestamp="20230129 10:59:06.011" level="INFO">8</msg>
<status status="PASS" starttime="20230129 10:59:06.011" endtime="20230129 10:59:06.011"/>
</kw>
<status status="PASS" starttime="20230129 10:59:06.011" endtime="20230129 10:59:06.011"/>
</iter>
<iter>
<var name="${i}">9</var>
<kw name="Log" library="BuiltIn">
<arg>${i}</arg>
<doc>Logs the given message with the given level.</doc>
<msg timestamp="20230129 10:59:06.011" level="INFO">9</msg>
<status status="PASS" starttime="20230129 10:59:06.011" endtime="20230129 10:59:06.011"/>
</kw>
<status status="PASS" starttime="20230129 10:59:06.011" endtime="20230129 10:59:06.011"/>
</iter>
<status status="PASS" starttime="20230129 10:59:06.006" endtime="20230129 10:59:06.011"/>
</for>
<status status="PASS" starttime="20230129 10:59:06.006" endtime="20230129 10:59:06.011"/>
</test>
<test id="s1-t6" name="For Loop In Range 4 10" line="36">
<for flavor="IN RANGE">
<var>${i}</var>
<value>4</value>
<value>10</value>
<iter>
<var name="${i}">4</var>
<kw name="Log" library="BuiltIn">
<arg>${i}</arg>
<doc>Logs the given message with the given level.</doc>
<msg timestamp="20230129 10:59:06.016" level="INFO">4</msg>
<status status="PASS" starttime="20230129 10:59:06.016" endtime="20230129 10:59:06.016"/>
</kw>
<status status="PASS" starttime="20230129 10:59:06.016" endtime="20230129 10:59:06.016"/>
</iter>
<iter>
<var name="${i}">5</var>
<kw name="Log" library="BuiltIn">
<arg>${i}</arg>
<doc>Logs the given message with the given level.</doc>
<msg timestamp="20230129 10:59:06.016" level="INFO">5</msg>
<status status="PASS" starttime="20230129 10:59:06.016" endtime="20230129 10:59:06.016"/>
</kw>
<status status="PASS" starttime="20230129 10:59:06.016" endtime="20230129 10:59:06.016"/>
</iter>
<iter>
<var name="${i}">6</var>
<kw name="Log" library="BuiltIn">
<arg>${i}</arg>
<doc>Logs the given message with the given level.</doc>
<msg timestamp="20230129 10:59:06.016" level="INFO">6</msg>
<status status="PASS" starttime="20230129 10:59:06.016" endtime="20230129 10:59:06.016"/>
</kw>
<status status="PASS" starttime="20230129 10:59:06.016" endtime="20230129 10:59:06.016"/>
</iter>
<iter>
<var name="${i}">7</var>
<kw name="Log" library="BuiltIn">
<arg>${i}</arg>
<doc>Logs the given message with the given level.</doc>
<msg timestamp="20230129 10:59:06.016" level="INFO">7</msg>
<status status="PASS" starttime="20230129 10:59:06.016" endtime="20230129 10:59:06.016"/>
</kw>
<status status="PASS" starttime="20230129 10:59:06.016" endtime="20230129 10:59:06.016"/>
</iter>
<iter>
<var name="${i}">8</var>
<kw name="Log" library="BuiltIn">
<arg>${i}</arg>
<doc>Logs the given message with the given level.</doc>
<msg timestamp="20230129 10:59:06.016" level="INFO">8</msg>
<status status="PASS" starttime="20230129 10:59:06.016" endtime="20230129 10:59:06.016"/>
</kw>
<status status="PASS" starttime="20230129 10:59:06.016" endtime="20230129 10:59:06.016"/>
</iter>
<iter>
<var name="${i}">9</var>
<kw name="Log" library="BuiltIn">
<arg>${i}</arg>
<doc>Logs the given message with the given level.</doc>
<msg timestamp="20230129 10:59:06.016" level="INFO">9</msg>
<status status="PASS" starttime="20230129 10:59:06.016" endtime="20230129 10:59:06.016"/>
</kw>
<status status="PASS" starttime="20230129 10:59:06.016" endtime="20230129 10:59:06.021"/>
</iter>
<status status="PASS" starttime="20230129 10:59:06.016" endtime="20230129 10:59:06.021"/>
</for>
<status status="PASS" starttime="20230129 10:59:06.016" endtime="20230129 10:59:06.021"/>
</test>
<test id="s1-t7" name="For Loop In Range 4 30 3" line="40">
<for flavor="IN RANGE">
<var>${i}</var>
<value>4</value>
<value>30</value>
<value>3</value>
<iter>
<var name="${i}">4</var>
<kw name="Log" library="BuiltIn">
<arg>${i}</arg>
<doc>Logs the given message with the given level.</doc>
<msg timestamp="20230129 10:59:06.021" level="INFO">4</msg>
<status status="PASS" starttime="20230129 10:59:06.021" endtime="20230129 10:59:06.021"/>
</kw>
<status status="PASS" starttime="20230129 10:59:06.021" endtime="20230129 10:59:06.021"/>
</iter>
<iter>
<var name="${i}">7</var>
<kw name="Log" library="BuiltIn">
<arg>${i}</arg>
<doc>Logs the given message with the given level.</doc>
<msg timestamp="20230129 10:59:06.021" level="INFO">7</msg>
<status status="PASS" starttime="20230129 10:59:06.021" endtime="20230129 10:59:06.021"/>
</kw>
<status status="PASS" starttime="20230129 10:59:06.021" endtime="20230129 10:59:06.021"/>
</iter>
<iter>
<var name="${i}">10</var>
<kw name="Log" library="BuiltIn">
<arg>${i}</arg>
<doc>Logs the given message with the given level.</doc>
<msg timestamp="20230129 10:59:06.021" level="INFO">10</msg>
<status status="PASS" starttime="20230129 10:59:06.021" endtime="20230129 10:59:06.021"/>
</kw>
<status status="PASS" starttime="20230129 10:59:06.021" endtime="20230129 10:59:06.021"/>
</iter>
<iter>
<var name="${i}">13</var>
<kw name="Log" library="BuiltIn">
<arg>${i}</arg>
<doc>Logs the given message with the given level.</doc>
<msg timestamp="20230129 10:59:06.021" level="INFO">13</msg>
<status status="PASS" starttime="20230129 10:59:06.021" endtime="20230129 10:59:06.021"/>
</kw>
<status status="PASS" starttime="20230129 10:59:06.021" endtime="20230129 10:59:06.021"/>
</iter>
<iter>
<var name="${i}">16</var>
<kw name="Log" library="BuiltIn">
<arg>${i}</arg>
<doc>Logs the given message with the given level.</doc>
<msg timestamp="20230129 10:59:06.026" level="INFO">16</msg>
<status status="PASS" starttime="20230129 10:59:06.026" endtime="20230129 10:59:06.026"/>
</kw>
<status status="PASS" starttime="20230129 10:59:06.021" endtime="20230129 10:59:06.026"/>
</iter>
<iter>
<var name="${i}">19</var>
<kw name="Log" library="BuiltIn">
<arg>${i}</arg>
<doc>Logs the given message with the given level.</doc>
<msg timestamp="20230129 10:59:06.026" level="INFO">19</msg>
<status status="PASS" starttime="20230129 10:59:06.026" endtime="20230129 10:59:06.026"/>
</kw>
<status status="PASS" starttime="20230129 10:59:06.026" endtime="20230129 10:59:06.026"/>
</iter>
<iter>
<var name="${i}">22</var>
<kw name="Log" library="BuiltIn">
<arg>${i}</arg>
<doc>Logs the given message with the given level.</doc>
<msg timestamp="20230129 10:59:06.026" level="INFO">22</msg>
<status status="PASS" starttime="20230129 10:59:06.026" endtime="20230129 10:59:06.026"/>
</kw>
<status status="PASS" starttime="20230129 10:59:06.026" endtime="20230129 10:59:06.026"/>
</iter>
<iter>
<var name="${i}">25</var>
<kw name="Log" library="BuiltIn">
<arg>${i}</arg>
<doc>Logs the given message with the given level.</doc>
<msg timestamp="20230129 10:59:06.026" level="INFO">25</msg>
<status status="PASS" starttime="20230129 10:59:06.026" endtime="20230129 10:59:06.026"/>
</kw>
<status status="PASS" starttime="20230129 10:59:06.026" endtime="20230129 10:59:06.026"/>
</iter>
<iter>
<var name="${i}">28</var>
<kw name="Log" library="BuiltIn">
<arg>${i}</arg>
<doc>Logs the given message with the given level.</doc>
<msg timestamp="20230129 10:59:06.026" level="INFO">28</msg>
<status status="PASS" starttime="20230129 10:59:06.026" endtime="20230129 10:59:06.026"/>
</kw>
<status status="PASS" starttime="20230129 10:59:06.026" endtime="20230129 10:59:06.026"/>
</iter>
<status status="PASS" starttime="20230129 10:59:06.021" endtime="20230129 10:59:06.026"/>
</for>
<status status="PASS" starttime="20230129 10:59:06.021" endtime="20230129 10:59:06.026"/>
</test>
<test id="s1-t8" name="For Loop with Break" line="45">
<kw name="Create List" library="BuiltIn">
<var>@{my_list}</var>
<arg>Mama</arg>
<arg>Tata</arg>
<arg>Pies</arg>
<arg>Kot</arg>
<arg>Ptak</arg>
<arg>I jeszcze cos</arg>
<doc>Returns a list containing given items.</doc>
<msg timestamp="20230129 10:59:06.031" level="INFO">@{my_list} = [ Mama | Tata | Pies | Kot | Ptak | I jeszcze cos ]</msg>
<status status="PASS" starttime="20230129 10:59:06.031" endtime="20230129 10:59:06.031"/>
</kw>
<for flavor="IN">
<var>${name}</var>
<value>@{my_list}</value>
<iter>
<var name="${name}">Mama</var>
<if>
<branch type="IF" condition="$name =='Pies'">
<break>
<status status="NOT RUN" starttime="20230129 10:59:06.036" endtime="20230129 10:59:06.036"/>
</break>
<status status="NOT RUN" starttime="20230129 10:59:06.031" endtime="20230129 10:59:06.036"/>
</branch>
<status status="PASS" starttime="20230129 10:59:06.031" endtime="20230129 10:59:06.036"/>
</if>
<kw name="Log" library="BuiltIn">
<arg>${name}</arg>
<doc>Logs the given message with the given level.</doc>
<msg timestamp="20230129 10:59:06.036" level="INFO">Mama</msg>
<status status="PASS" starttime="20230129 10:59:06.036" endtime="20230129 10:59:06.036"/>
</kw>
<status status="PASS" starttime="20230129 10:59:06.031" endtime="20230129 10:59:06.036"/>
</iter>
<iter>
<var name="${name}">Tata</var>
<if>
<branch type="IF" condition="$name =='Pies'">
<break>
<status status="NOT RUN" starttime="20230129 10:59:06.036" endtime="20230129 10:59:06.036"/>
</break>
<status status="NOT RUN" starttime="20230129 10:59:06.036" endtime="20230129 10:59:06.036"/>
</branch>
<status status="PASS" starttime="20230129 10:59:06.036" endtime="20230129 10:59:06.036"/>
</if>
<kw name="Log" library="BuiltIn">
<arg>${name}</arg>
<doc>Logs the given message with the given level.</doc>
<msg timestamp="20230129 10:59:06.036" level="INFO">Tata</msg>
<status status="PASS" starttime="20230129 10:59:06.036" endtime="20230129 10:59:06.036"/>
</kw>
<status status="PASS" starttime="20230129 10:59:06.036" endtime="20230129 10:59:06.036"/>
</iter>
<iter>
<var name="${name}">Pies</var>
<if>
<branch type="IF" condition="$name =='Pies'">
<break>
<status status="PASS" starttime="20230129 10:59:06.041" endtime="20230129 10:59:06.041"/>
</break>
<status status="PASS" starttime="20230129 10:59:06.036" endtime="20230129 10:59:06.041"/>
</branch>
<status status="PASS" starttime="20230129 10:59:06.036" endtime="20230129 10:59:06.041"/>
</if>
<kw name="Log" library="BuiltIn">
<arg>${name}</arg>
<doc>Logs the given message with the given level.</doc>
<status status="NOT RUN" starttime="20230129 10:59:06.041" endtime="20230129 10:59:06.041"/>
</kw>
<status status="PASS" starttime="20230129 10:59:06.036" endtime="20230129 10:59:06.041"/>
</iter>
<status status="PASS" starttime="20230129 10:59:06.031" endtime="20230129 10:59:06.041"/>
</for>
<status status="PASS" starttime="20230129 10:59:06.031" endtime="20230129 10:59:06.041"/>
</test>
<test id="s1-t9" name="For LOOP with continue" line="52">
<kw name="Create List" library="BuiltIn">
<var>@{my_list}</var>
<arg>Mama</arg>
<arg>Tata</arg>
<arg>Pies</arg>
<arg>Kot</arg>
<arg>Ptak</arg>
<arg>I jeszcze cos</arg>
<doc>Returns a list containing given items.</doc>
<msg timestamp="20230129 10:59:06.041" level="INFO">@{my_list} = [ Mama | Tata | Pies | Kot | Ptak | I jeszcze cos ]</msg>
<status status="PASS" starttime="20230129 10:59:06.041" endtime="20230129 10:59:06.041"/>
</kw>
<for flavor="IN">
<var>${name}</var>
<value>@{my_list}</value>
<iter>
<var name="${name}">Mama</var>
<if>
<branch type="IF" condition="$name =='Pies'">
<continue>
<status status="NOT RUN" starttime="20230129 10:59:06.046" endtime="20230129 10:59:06.046"/>
</continue>
<status status="NOT RUN" starttime="20230129 10:59:06.046" endtime="20230129 10:59:06.046"/>
</branch>
<status status="PASS" starttime="20230129 10:59:06.046" endtime="20230129 10:59:06.046"/>
</if>
<kw name="Log" library="BuiltIn">
<arg>${name}</arg>
<doc>Logs the given message with the given level.</doc>
<msg timestamp="20230129 10:59:06.046" level="INFO">Mama</msg>
<status status="PASS" starttime="20230129 10:59:06.046" endtime="20230129 10:59:06.046"/>
</kw>
<status status="PASS" starttime="20230129 10:59:06.046" endtime="20230129 10:59:06.046"/>
</iter>
<iter>
<var name="${name}">Tata</var>
<if>
<branch type="IF" condition="$name =='Pies'">
<continue>
<status status="NOT RUN" starttime="20230129 10:59:06.046" endtime="20230129 10:59:06.046"/>
</continue>
<status status="NOT RUN" starttime="20230129 10:59:06.046" endtime="20230129 10:59:06.046"/>
</branch>
<status status="PASS" starttime="20230129 10:59:06.046" endtime="20230129 10:59:06.046"/>
</if>
<kw name="Log" library="BuiltIn">
<arg>${name}</arg>
<doc>Logs the given message with the given level.</doc>
<msg timestamp="20230129 10:59:06.046" level="INFO">Tata</msg>
<status status="PASS" starttime="20230129 10:59:06.046" endtime="20230129 10:59:06.046"/>
</kw>
<status status="PASS" starttime="20230129 10:59:06.046" endtime="20230129 10:59:06.046"/>
</iter>
<iter>
<var name="${name}">Pies</var>
<if>
<branch type="IF" condition="$name =='Pies'">
<continue>
<status status="PASS" starttime="20230129 10:59:06.046" endtime="20230129 10:59:06.046"/>
</continue>
<status status="PASS" starttime="20230129 10:59:06.046" endtime="20230129 10:59:06.046"/>
</branch>
<status status="PASS" starttime="20230129 10:59:06.046" endtime="20230129 10:59:06.046"/>
</if>
<kw name="Log" library="BuiltIn">
<arg>${name}</arg>
<doc>Logs the given message with the given level.</doc>
<status status="NOT RUN" starttime="20230129 10:59:06.046" endtime="20230129 10:59:06.046"/>
</kw>
<status status="PASS" starttime="20230129 10:59:06.046" endtime="20230129 10:59:06.046"/>
</iter>
<iter>
<var name="${name}">Kot</var>
<if>
<branch type="IF" condition="$name =='Pies'">
<continue>
<status status="NOT RUN" starttime="20230129 10:59:06.046" endtime="20230129 10:59:06.046"/>
</continue>
<status status="NOT RUN" starttime="20230129 10:59:06.046" endtime="20230129 10:59:06.046"/>
</branch>
<status status="PASS" starttime="20230129 10:59:06.046" endtime="20230129 10:59:06.046"/>
</if>
<kw name="Log" library="BuiltIn">
<arg>${name}</arg>
<doc>Logs the given message with the given level.</doc>
<msg timestamp="20230129 10:59:06.051" level="INFO">Kot</msg>
<status status="PASS" starttime="20230129 10:59:06.046" endtime="20230129 10:59:06.051"/>
</kw>
<status status="PASS" starttime="20230129 10:59:06.046" endtime="20230129 10:59:06.051"/>
</iter>
<iter>
<var name="${name}">Ptak</var>
<if>
<branch type="IF" condition="$name =='Pies'">
<continue>
<status status="NOT RUN" starttime="20230129 10:59:06.051" endtime="20230129 10:59:06.051"/>
</continue>
<status status="NOT RUN" starttime="20230129 10:59:06.051" endtime="20230129 10:59:06.051"/>
</branch>
<status status="PASS" starttime="20230129 10:59:06.051" endtime="20230129 10:59:06.051"/>
</if>
<kw name="Log" library="BuiltIn">
<arg>${name}</arg>
<doc>Logs the given message with the given level.</doc>
<msg timestamp="20230129 10:59:06.051" level="INFO">Ptak</msg>
<status status="PASS" starttime="20230129 10:59:06.051" endtime="20230129 10:59:06.051"/>
</kw>
<status status="PASS" starttime="20230129 10:59:06.051" endtime="20230129 10:59:06.051"/>
</iter>
<iter>
<var name="${name}">I jeszcze cos</var>
<if>
<branch type="IF" condition="$name =='Pies'">
<continue>
<status status="NOT RUN" starttime="20230129 10:59:06.051" endtime="20230129 10:59:06.051"/>
</continue>
<status status="NOT RUN" starttime="20230129 10:59:06.051" endtime="20230129 10:59:06.051"/>
</branch>
<status status="PASS" starttime="20230129 10:59:06.051" endtime="20230129 10:59:06.051"/>
</if>
<kw name="Log" library="BuiltIn">
<arg>${name}</arg>
<doc>Logs the given message with the given level.</doc>
<msg timestamp="20230129 10:59:06.051" level="INFO">I jeszcze cos</msg>
<status status="PASS" starttime="20230129 10:59:06.051" endtime="20230129 10:59:06.051"/>
</kw>
<status status="PASS" starttime="20230129 10:59:06.051" endtime="20230129 10:59:06.051"/>
</iter>
<status status="PASS" starttime="20230129 10:59:06.041" endtime="20230129 10:59:06.051"/>
</for>
<status status="PASS" starttime="20230129 10:59:06.041" endtime="20230129 10:59:06.051"/>
</test>
<test id="s1-t10" name="While LOOP" line="59">
<kw name="Set Variable" library="BuiltIn">
<var>${index}</var>
<arg>10</arg>
<doc>Returns the given values which can then be assigned to a variables.</doc>
<msg timestamp="20230129 10:59:06.056" level="INFO">${index} = 10</msg>
<status status="PASS" starttime="20230129 10:59:06.056" endtime="20230129 10:59:06.056"/>
</kw>
<while condition="${index} &gt; 0">
<iter>
<kw name="Log" library="BuiltIn">
<arg>${index}</arg>
<doc>Logs the given message with the given level.</doc>
<msg timestamp="20230129 10:59:06.056" level="INFO">10</msg>
<status status="PASS" starttime="20230129 10:59:06.056" endtime="20230129 10:59:06.056"/>
</kw>
<kw name="Evaluate" library="BuiltIn">
<var>${index}</var>
<arg>${index} - 1</arg>
<doc>Evaluates the given expression in Python and returns the result.</doc>
<msg timestamp="20230129 10:59:06.056" level="INFO">${index} = 9</msg>
<status status="PASS" starttime="20230129 10:59:06.056" endtime="20230129 10:59:06.056"/>
</kw>
<status status="PASS" starttime="20230129 10:59:06.056" endtime="20230129 10:59:06.056"/>
</iter>
<iter>
<kw name="Log" library="BuiltIn">
<arg>${index}</arg>
<doc>Logs the given message with the given level.</doc>
<msg timestamp="20230129 10:59:06.056" level="INFO">9</msg>
<status status="PASS" starttime="20230129 10:59:06.056" endtime="20230129 10:59:06.056"/>
</kw>
<kw name="Evaluate" library="BuiltIn">
<var>${index}</var>
<arg>${index} - 1</arg>
<doc>Evaluates the given expression in Python and returns the result.</doc>
<msg timestamp="20230129 10:59:06.056" level="INFO">${index} = 8</msg>
<status status="PASS" starttime="20230129 10:59:06.056" endtime="20230129 10:59:06.056"/>
</kw>
<status status="PASS" starttime="20230129 10:59:06.056" endtime="20230129 10:59:06.056"/>
</iter>
<iter>
<kw name="Log" library="BuiltIn">
<arg>${index}</arg>
<doc>Logs the given message with the given level.</doc>
<msg timestamp="20230129 10:59:06.056" level="INFO">8</msg>
<status status="PASS" starttime="20230129 10:59:06.056" endtime="20230129 10:59:06.056"/>
</kw>
<kw name="Evaluate" library="BuiltIn">
<var>${index}</var>
<arg>${index} - 1</arg>
<doc>Evaluates the given expression in Python and returns the result.</doc>
<msg timestamp="20230129 10:59:06.056" level="INFO">${index} = 7</msg>
<status status="PASS" starttime="20230129 10:59:06.056" endtime="20230129 10:59:06.056"/>
</kw>
<status status="PASS" starttime="20230129 10:59:06.056" endtime="20230129 10:59:06.056"/>
</iter>
<iter>
<kw name="Log" library="BuiltIn">
<arg>${index}</arg>
<doc>Logs the given message with the given level.</doc>
<msg timestamp="20230129 10:59:06.056" level="INFO">7</msg>
<status status="PASS" starttime="20230129 10:59:06.056" endtime="20230129 10:59:06.056"/>
</kw>
<kw name="Evaluate" library="BuiltIn">
<var>${index}</var>
<arg>${index} - 1</arg>
<doc>Evaluates the given expression in Python and returns the result.</doc>
<msg timestamp="20230129 10:59:06.061" level="INFO">${index} = 6</msg>
<status status="PASS" starttime="20230129 10:59:06.056" endtime="20230129 10:59:06.061"/>
</kw>
<status status="PASS" starttime="20230129 10:59:06.056" endtime="20230129 10:59:06.061"/>
</iter>
<iter>
<kw name="Log" library="BuiltIn">
<arg>${index}</arg>
<doc>Logs the given message with the given level.</doc>
<msg timestamp="20230129 10:59:06.061" level="INFO">6</msg>
<status status="PASS" starttime="20230129 10:59:06.061" endtime="20230129 10:59:06.061"/>
</kw>
<kw name="Evaluate" library="BuiltIn">
<var>${index}</var>
<arg>${index} - 1</arg>
<doc>Evaluates the given expression in Python and returns the result.</doc>
<msg timestamp="20230129 10:59:06.061" level="INFO">${index} = 5</msg>
<status status="PASS" starttime="20230129 10:59:06.061" endtime="20230129 10:59:06.061"/>
</kw>
<status status="PASS" starttime="20230129 10:59:06.061" endtime="20230129 10:59:06.061"/>
</iter>
<iter>
<kw name="Log" library="BuiltIn">
<arg>${index}</arg>
<doc>Logs the given message with the given level.</doc>
<msg timestamp="20230129 10:59:06.061" level="INFO">5</msg>
<status status="PASS" starttime="20230129 10:59:06.061" endtime="20230129 10:59:06.061"/>
</kw>
<kw name="Evaluate" library="BuiltIn">
<var>${index}</var>
<arg>${index} - 1</arg>
<doc>Evaluates the given expression in Python and returns the result.</doc>
<msg timestamp="20230129 10:59:06.061" level="INFO">${index} = 4</msg>
<status status="PASS" starttime="20230129 10:59:06.061" endtime="20230129 10:59:06.061"/>
</kw>
<status status="PASS" starttime="20230129 10:59:06.061" endtime="20230129 10:59:06.061"/>
</iter>
<iter>
<kw name="Log" library="BuiltIn">
<arg>${index}</arg>
<doc>Logs the given message with the given level.</doc>
<msg timestamp="20230129 10:59:06.061" level="INFO">4</msg>
<status status="PASS" starttime="20230129 10:59:06.061" endtime="20230129 10:59:06.061"/>
</kw>
<kw name="Evaluate" library="BuiltIn">
<var>${index}</var>
<arg>${index} - 1</arg>
<doc>Evaluates the given expression in Python and returns the result.</doc>
<msg timestamp="20230129 10:59:06.061" level="INFO">${index} = 3</msg>
<status status="PASS" starttime="20230129 10:59:06.061" endtime="20230129 10:59:06.061"/>
</kw>
<status status="PASS" starttime="20230129 10:59:06.061" endtime="20230129 10:59:06.061"/>
</iter>
<iter>
<kw name="Log" library="BuiltIn">
<arg>${index}</arg>
<doc>Logs the given message with the given level.</doc>
<msg timestamp="20230129 10:59:06.061" level="INFO">3</msg>
<status status="PASS" starttime="20230129 10:59:06.061" endtime="20230129 10:59:06.061"/>
</kw>
<kw name="Evaluate" library="BuiltIn">
<var>${index}</var>
<arg>${index} - 1</arg>
<doc>Evaluates the given expression in Python and returns the result.</doc>
<msg timestamp="20230129 10:59:06.061" level="INFO">${index} = 2</msg>
<status status="PASS" starttime="20230129 10:59:06.061" endtime="20230129 10:59:06.061"/>
</kw>
<status status="PASS" starttime="20230129 10:59:06.061" endtime="20230129 10:59:06.061"/>
</iter>
<iter>
<kw name="Log" library="BuiltIn">
<arg>${index}</arg>
<doc>Logs the given message with the given level.</doc>
<msg timestamp="20230129 10:59:06.066" level="INFO">2</msg>
<status status="PASS" starttime="20230129 10:59:06.061" endtime="20230129 10:59:06.066"/>
</kw>
<kw name="Evaluate" library="BuiltIn">
<var>${index}</var>
<arg>${index} - 1</arg>
<doc>Evaluates the given expression in Python and returns the result.</doc>
<msg timestamp="20230129 10:59:06.066" level="INFO">${index} = 1</msg>
<status status="PASS" starttime="20230129 10:59:06.066" endtime="20230129 10:59:06.066"/>
</kw>
<status status="PASS" starttime="20230129 10:59:06.061" endtime="20230129 10:59:06.066"/>
</iter>
<iter>
<kw name="Log" library="BuiltIn">
<arg>${index}</arg>
<doc>Logs the given message with the given level.</doc>
<msg timestamp="20230129 10:59:06.066" level="INFO">1</msg>
<status status="PASS" starttime="20230129 10:59:06.066" endtime="20230129 10:59:06.066"/>
</kw>
<kw name="Evaluate" library="BuiltIn">
<var>${index}</var>
<arg>${index} - 1</arg>
<doc>Evaluates the given expression in Python and returns the result.</doc>
<msg timestamp="20230129 10:59:06.066" level="INFO">${index} = 0</msg>
<status status="PASS" starttime="20230129 10:59:06.066" endtime="20230129 10:59:06.066"/>
</kw>
<status status="PASS" starttime="20230129 10:59:06.066" endtime="20230129 10:59:06.066"/>
</iter>
<status status="PASS" starttime="20230129 10:59:06.056" endtime="20230129 10:59:06.066"/>
</while>
<status status="PASS" starttime="20230129 10:59:06.056" endtime="20230129 10:59:06.066"/>
</test>
<status status="PASS" starttime="20230129 10:59:05.926" endtime="20230129 10:59:06.071"/>
</suite>
<statistics>
<total>
<stat pass="10" fail="0" skip="0">All Tests</stat>
</total>
<tag>
</tag>
<suite>
<stat pass="10" fail="0" skip="0" id="s1" name="Petle">Petle</stat>
</suite>
</statistics>
<errors>
</errors>
</robot>
