<?xml version="1.0" encoding="UTF-8"?>
<robot generator="Robot 6.0.2 (Python 3.11.0 on win32)" generated="20230129 10:29:05.975" rpa="false" schemaversion="3">
<suite id="s1" name="Gotujmy" source="C:\Users\vdi-student\PycharmProjects\zajecia_niedziela\gotujmy.robot">
<test id="s1-t1" name="Registration of Multiple User" line="44">
<kw name="Open Browser" library="SeleniumLibrary" type="SETUP">
<doc>Opens a new browser instance to the optional ``url``.</doc>
<msg timestamp="20230129 10:29:06.469" level="INFO">Opening browser 'firefox' to base url 'None'.</msg>
<msg timestamp="20230129 10:29:06.474" level="INFO">Firefox driver log is always forced to to: C:\Users\vdi-student\PycharmProjects\zajecia_niedziela\geckodriver-6.log</msg>
<status status="PASS" starttime="20230129 10:29:06.469" endtime="20230129 10:29:09.680"/>
</kw>
<for flavor="IN RANGE">
<var>${i}</var>
<value>5</value>
<iter>
<var name="${i}">0</var>
<kw name="Registration in Forum">
<arg>${emails}[${i}]</arg>
<arg>${passwords}[${i}]</arg>
<kw name="Open Web_Browser">
<kw name="Open Browser" library="SeleniumLibrary">
<arg>https://gotujmy.pl/forum/</arg>
<arg>Chrome</arg>
<doc>Opens a new browser instance to the optional ``url``.</doc>
<msg timestamp="20230129 10:29:09.700" level="INFO">Opening browser 'Chrome' to base url 'https://gotujmy.pl/forum/'.</msg>
<status status="PASS" starttime="20230129 10:29:09.695" endtime="20230129 10:29:14.565"/>
</kw>
<kw name="Maximize Browser Window" library="SeleniumLibrary">
<doc>Maximizes current browser window.</doc>
<status status="PASS" starttime="20230129 10:29:14.566" endtime="20230129 10:29:14.824"/>
</kw>
<status status="PASS" starttime="20230129 10:29:09.695" endtime="20230129 10:29:14.824"/>
</kw>
<kw name="Sleep" library="BuiltIn">
<arg>10</arg>
<doc>Pauses the test executed for the given time.</doc>
<msg timestamp="20230129 10:29:24.829" level="INFO">Slept 10 seconds</msg>
<status status="PASS" starttime="20230129 10:29:14.825" endtime="20230129 10:29:24.829"/>
</kw>
<kw name="Run Keyword And Ignore Error" library="BuiltIn">
<arg>Click Button</arg>
<arg>//*[@id="tcf277-permissions-modal"]/div[3]/div/button[2]</arg>
<doc>Runs the given keyword with the given arguments and ignores possible error.</doc>
<kw name="Click Button" library="SeleniumLibrary">
<arg>//*[@id="tcf277-permissions-modal"]/div[3]/div/button[2]</arg>
<doc>Clicks the button identified by ``locator``.</doc>
<msg timestamp="20230129 10:29:24.829" level="INFO">Clicking button '//*[@id="tcf277-permissions-modal"]/div[3]/div/button[2]'.</msg>
<status status="PASS" starttime="20230129 10:29:24.829" endtime="20230129 10:29:24.984"/>
</kw>
<status status="PASS" starttime="20230129 10:29:24.829" endtime="20230129 10:29:24.984"/>
</kw>
<kw name="Click Element" library="SeleniumLibrary">
<arg>//*[@id="navTop"]/nav/ul[1]/li[2]/a</arg>
<doc>Click the element identified by ``locator``.</doc>
<msg timestamp="20230129 10:29:24.985" level="INFO">Clicking element '//*[@id="navTop"]/nav/ul[1]/li[2]/a'.</msg>
<status status="PASS" starttime="20230129 10:29:24.984" endtime="20230129 10:29:26.116"/>
</kw>
<kw name="Run Keyword And Ignore Error" library="BuiltIn">
<arg>Click Button</arg>
<arg>//*[@id="tcf277-permissions-modal"]/div[3]/div/button[2]</arg>
<doc>Runs the given keyword with the given arguments and ignores possible error.</doc>
<kw name="Click Button" library="SeleniumLibrary">
<arg>//*[@id="tcf277-permissions-modal"]/div[3]/div/button[2]</arg>
<doc>Clicks the button identified by ``locator``.</doc>
<msg timestamp="20230129 10:29:26.118" level="INFO">Clicking button '//*[@id="tcf277-permissions-modal"]/div[3]/div/button[2]'.</msg>
<msg timestamp="20230129 10:29:26.283" level="INFO" html="true">&lt;/td&gt;&lt;/tr&gt;&lt;tr&gt;&lt;td colspan="3"&gt;&lt;a href="selenium-screenshot-38.png"&gt;&lt;img src="selenium-screenshot-38.png" width="800px"&gt;&lt;/a&gt;</msg>
<msg timestamp="20230129 10:29:26.283" level="FAIL">Button with locator '//*[@id="tcf277-permissions-modal"]/div[3]/div/button[2]' not found.</msg>
<status status="FAIL" starttime="20230129 10:29:26.117" endtime="20230129 10:29:26.285"/>
</kw>
<status status="PASS" starttime="20230129 10:29:26.116" endtime="20230129 10:29:26.286"/>
</kw>
<kw name="Input Text" library="SeleniumLibrary">
<arg>//*[@id="f_cmu_email"]</arg>
<arg>${name}</arg>
<doc>Types the given ``text`` into the text field identified by ``locator``.</doc>
<msg timestamp="20230129 10:29:26.287" level="INFO">Typing text 'email13@wp.pl' into text field '//*[@id="f_cmu_email"]'.</msg>
<status status="PASS" starttime="20230129 10:29:26.286" endtime="20230129 10:29:26.455"/>
</kw>
<kw name="Input Text" library="SeleniumLibrary">
<arg>//*[@id="f_cmu_email2"]</arg>
<arg>${name}</arg>
<doc>Types the given ``text`` into the text field identified by ``locator``.</doc>
<msg timestamp="20230129 10:29:26.456" level="INFO">Typing text 'email13@wp.pl' into text field '//*[@id="f_cmu_email2"]'.</msg>
<status status="PASS" starttime="20230129 10:29:26.455" endtime="20230129 10:29:26.621"/>
</kw>
<kw name="Input Text" library="SeleniumLibrary">
<arg>//*[@id="f_cmu_password"]</arg>
<arg>${password}</arg>
<doc>Types the given ``text`` into the text field identified by ``locator``.</doc>
<msg timestamp="20230129 10:29:26.623" level="INFO">Typing text 'pass1' into text field '//*[@id="f_cmu_password"]'.</msg>
<status status="PASS" starttime="20230129 10:29:26.622" endtime="20230129 10:29:26.716"/>
</kw>
<kw name="Input Text" library="SeleniumLibrary">
<arg>//*[@id="f_cmu_password2"]</arg>
<arg>${password}</arg>
<doc>Types the given ``text`` into the text field identified by ``locator``.</doc>
<msg timestamp="20230129 10:29:26.717" level="INFO">Typing text 'pass1' into text field '//*[@id="f_cmu_password2"]'.</msg>
<status status="PASS" starttime="20230129 10:29:26.716" endtime="20230129 10:29:26.811"/>
</kw>
<kw name="Checkbox Should Not Be Selected" library="SeleniumLibrary">
<arg>//*[@id="newsletter_agree"]</arg>
<doc>Verifies checkbox ``locator`` is not selected/checked.</doc>
<msg timestamp="20230129 10:29:26.813" level="INFO">Verifying checkbox '//*[@id="newsletter_agree"]' is not selected.</msg>
<status status="PASS" starttime="20230129 10:29:26.812" endtime="20230129 10:29:26.862"/>
</kw>
<kw name="Select Checkbox" library="SeleniumLibrary">
<arg>//*[@id="newsletter_agree"]</arg>
<doc>Selects the checkbox identified by ``locator``.</doc>
<msg timestamp="20230129 10:29:26.867" level="INFO">Selecting checkbox '//*[@id="newsletter_agree"]'.</msg>
<status status="PASS" starttime="20230129 10:29:26.862" endtime="20230129 10:29:26.990"/>
</kw>
<kw name="Checkbox Should Not Be Selected" library="SeleniumLibrary">
<arg>//*[@id="user_register_form"]/fieldset/label[2]/input</arg>
<doc>Verifies checkbox ``locator`` is not selected/checked.</doc>
<msg timestamp="20230129 10:29:26.991" level="INFO">Verifying checkbox '//*[@id="user_register_form"]/fieldset/label[2]/input' is not selected.</msg>
<status status="PASS" starttime="20230129 10:29:26.990" endtime="20230129 10:29:27.040"/>
</kw>
<kw name="Select Checkbox" library="SeleniumLibrary">
<arg>//*[@id="user_register_form"]/fieldset/label[2]/input</arg>
<doc>Selects the checkbox identified by ``locator``.</doc>
<msg timestamp="20230129 10:29:27.041" level="INFO">Selecting checkbox '//*[@id="user_register_form"]/fieldset/label[2]/input'.</msg>
<status status="PASS" starttime="20230129 10:29:27.040" endtime="20230129 10:29:27.154"/>
</kw>
<kw name="Checkbox Should Not Be Selected" library="SeleniumLibrary">
<arg>//*[@id="user_register_form"]/fieldset/label[3]/input</arg>
<doc>Verifies checkbox ``locator`` is not selected/checked.</doc>
<msg timestamp="20230129 10:29:27.155" level="INFO">Verifying checkbox '//*[@id="user_register_form"]/fieldset/label[3]/input' is not selected.</msg>
<status status="PASS" starttime="20230129 10:29:27.154" endtime="20230129 10:29:27.232"/>
</kw>
<kw name="Select Checkbox" library="SeleniumLibrary">
<arg>//*[@id="user_register_form"]/fieldset/label[3]/input</arg>
<doc>Selects the checkbox identified by ``locator``.</doc>
<msg timestamp="20230129 10:29:27.233" level="INFO">Selecting checkbox '//*[@id="user_register_form"]/fieldset/label[3]/input'.</msg>
<status status="PASS" starttime="20230129 10:29:27.233" endtime="20230129 10:29:27.302"/>
</kw>
<kw name="Click Button" library="SeleniumLibrary">
<arg>//*[@id="user_register_form"]/fieldset/footer/button</arg>
<doc>Clicks the button identified by ``locator``.</doc>
<msg timestamp="20230129 10:29:27.303" level="INFO">Clicking button '//*[@id="user_register_form"]/fieldset/footer/button'.</msg>
<status status="PASS" starttime="20230129 10:29:27.302" endtime="20230129 10:29:28.309"/>
</kw>
<kw name="Wait Until Element Is Visible" library="SeleniumLibrary">
<arg>//*[@id="main_content"]/div/div/h1</arg>
<arg>timeout=7</arg>
<doc>Waits until the element ``locator`` is visible.</doc>
<msg timestamp="20230129 10:29:35.700" level="INFO" html="true">&lt;/td&gt;&lt;/tr&gt;&lt;tr&gt;&lt;td colspan="3"&gt;&lt;a href="selenium-screenshot-39.png"&gt;&lt;img src="selenium-screenshot-39.png" width="800px"&gt;&lt;/a&gt;</msg>
<msg timestamp="20230129 10:29:35.700" level="FAIL">Element '//*[@id="main_content"]/div/div/h1' not visible after 7 seconds.</msg>
<status status="FAIL" starttime="20230129 10:29:28.309" endtime="20230129 10:29:35.700"/>
</kw>
<kw name="Get Text" library="SeleniumLibrary">
<var>${my_message}</var>
<arg>//*[@id="main_content"]/div/div/h1</arg>
<doc>Returns the text value of the element identified by ``locator``.</doc>
<status status="NOT RUN" starttime="20230129 10:29:35.700" endtime="20230129 10:29:35.700"/>
</kw>
<kw name="Log To Console" library="BuiltIn">
<arg>${my_message}</arg>
<doc>Logs the given message to the console.</doc>
<status status="NOT RUN" starttime="20230129 10:29:35.700" endtime="20230129 10:29:35.700"/>
</kw>
<kw name="Should Be Equal As Strings" library="BuiltIn">
<arg>${my_message}</arg>
<arg>${message}</arg>
<doc>Fails if objects are unequal after converting them to strings.</doc>
<status status="NOT RUN" starttime="20230129 10:29:35.700" endtime="20230129 10:29:35.700"/>
</kw>
<kw name="Capture Page Screenshot" library="SeleniumLibrary">
<doc>Takes a screenshot of the current page and embeds it into a log file.</doc>
<status status="NOT RUN" starttime="20230129 10:29:35.700" endtime="20230129 10:29:35.700"/>
</kw>
<status status="FAIL" starttime="20230129 10:29:09.695" endtime="20230129 10:29:35.700"/>
</kw>
<kw name="Log" library="BuiltIn">
<arg>User ${emails}[${i}]</arg>
<doc>Logs the given message with the given level.</doc>
<status status="NOT RUN" starttime="20230129 10:29:35.700" endtime="20230129 10:29:35.700"/>
</kw>
<status status="FAIL" starttime="20230129 10:29:09.695" endtime="20230129 10:29:35.700"/>
</iter>
<status status="FAIL" starttime="20230129 10:29:09.695" endtime="20230129 10:29:35.700"/>
</for>
<status status="FAIL" starttime="20230129 10:29:06.469" endtime="20230129 10:29:35.705">Element '//*[@id="main_content"]/div/div/h1' not visible after 7 seconds.</status>
</test>
<status status="FAIL" starttime="20230129 10:29:05.984" endtime="20230129 10:29:35.708"/>
</suite>
<statistics>
<total>
<stat pass="0" fail="1" skip="0">All Tests</stat>
</total>
<tag>
</tag>
<suite>
<stat pass="0" fail="1" skip="0" id="s1" name="Gotujmy">Gotujmy</stat>
</suite>
</statistics>
<errors>
</errors>
</robot>
