<?xml version="1.0" encoding="UTF-8"?>
<robot generator="Robot 6.0.2 (Python 3.11.0 on win32)" generated="20230129 13:19:17.669" rpa="false" schemaversion="3">
<suite id="s1" name="Api" source="C:\Users\vdi-student\PycharmProjects\zajecia_niedziela\api.robot">
<test id="s1-t1" name="API_GET_TEST_STATUS" line="9">
<kw name="GET" library="RequestsLibrary">
<var>${get_response}</var>
<arg>https://simple-books-api.glitch.me/status</arg>
<doc>Sends a GET request.</doc>
<msg timestamp="20230129 13:19:18.473" level="INFO">GET Request : url=https://simple-books-api.glitch.me/status 
 path_url=/status 
 headers={'User-Agent': 'python-requests/2.28.2', 'Accept-Encoding': 'gzip, deflate', 'Accept': '*/*', 'Connection': 'keep-alive'} 
 body=None 
 </msg>
<msg timestamp="20230129 13:19:18.473" level="INFO">GET Response : url=https://simple-books-api.glitch.me/status 
 status=200, reason=OK 
 headers={'Date': 'Sun, 29 Jan 2023 12:18:35 GMT', 'Content-Type': 'application/json; charset=utf-8', 'Content-Length': '15', 'Connection': 'keep-alive', 'x-powered-by': 'Express', 'etag': 'W/"f-v/Y1JusChTxrQUzPtNAKycooOTA"'} 
 body={"status":"OK"} 
 </msg>
<msg timestamp="20230129 13:19:18.473" level="INFO">${get_response} = &lt;Response [200]&gt;</msg>
<status status="PASS" starttime="20230129 13:19:17.869" endtime="20230129 13:19:18.473"/>
</kw>
<kw name="Log To Console" library="BuiltIn">
<arg>status ${get_response}</arg>
<doc>Logs the given message to the console.</doc>
<status status="PASS" starttime="20230129 13:19:18.473" endtime="20230129 13:19:18.473"/>
</kw>
<status status="PASS" starttime="20230129 13:19:17.864" endtime="20230129 13:19:18.478"/>
</test>
<test id="s1-t2" name="API_GET_TEST_BOOKS" line="13">
<kw name="GET" library="RequestsLibrary">
<var>${get_response}</var>
<arg>https://simple-books-api.glitch.me/books</arg>
<doc>Sends a GET request.</doc>
<msg timestamp="20230129 13:19:19.114" level="INFO">GET Request : url=https://simple-books-api.glitch.me/books 
 path_url=/books 
 headers={'User-Agent': 'python-requests/2.28.2', 'Accept-Encoding': 'gzip, deflate', 'Accept': '*/*', 'Connection': 'keep-alive'} 
 body=None 
 </msg>
<msg timestamp="20230129 13:19:19.114" level="INFO">GET Response : url=https://simple-books-api.glitch.me/books 
 status=200, reason=OK 
 headers={'Date': 'Sun, 29 Jan 2023 12:18:36 GMT', 'Content-Type': 'application/json; charset=utf-8', 'Content-Length': '417', 'Connection': 'keep-alive', 'x-powered-by': 'Express', 'etag': 'W/"1a1-MfqhfTYtZO2sguD1mJq8Vf41WjU"'} 
 body=[{"id":1,"name":"The Russian","type":"fiction","available":true},{"id":2,"name":"Just as I Am","type":"non-fiction","available":false},{"id":3,"name":"The Vanishing Half","type":"fiction","available":true},{"id":4,"name":"The Midnight Library","type":"fiction","available":true},{"id":5,"name":"Untamed","type":"non-fiction","available":true},{"id":6,"name":"Viscount Who Loved Me","type":"fiction","available":true}] 
 </msg>
<msg timestamp="20230129 13:19:19.114" level="INFO">${get_response} = &lt;Response [200]&gt;</msg>
<status status="PASS" starttime="20230129 13:19:18.478" endtime="20230129 13:19:19.114"/>
</kw>
<kw name="Log To Console" library="BuiltIn">
<arg>status ${get_response}</arg>
<doc>Logs the given message to the console.</doc>
<status status="PASS" starttime="20230129 13:19:19.119" endtime="20230129 13:19:19.119"/>
</kw>
<status status="PASS" starttime="20230129 13:19:18.478" endtime="20230129 13:19:19.119"/>
</test>
<test id="s1-t3" name="ORDER" line="22">
<kw name="Create Dictionary" library="BuiltIn">
<var>${headers}</var>
<arg>Content-Type=application/json</arg>
<arg>Authorization=Bearer ${token}</arg>
<doc>Creates and returns a dictionary based on the given ``items``.</doc>
<msg timestamp="20230129 13:19:19.124" level="INFO">${headers} = {'Content-Type': 'application/json', 'Authorization': 'Bearer 7d4f95ab72399a5eb469fdee27a161ad8d76c0999942917130e57a90ecbdf2f6'}</msg>
<status status="PASS" starttime="20230129 13:19:19.124" endtime="20230129 13:19:19.124"/>
</kw>
<kw name="Create Dictionary" library="BuiltIn">
<var>${order_body}</var>
<arg>bookId=4</arg>
<arg>customerName=Jakub</arg>
<doc>Creates and returns a dictionary based on the given ``items``.</doc>
<msg timestamp="20230129 13:19:19.129" level="INFO">${order_body} = {'bookId': '4', 'customerName': 'Jakub'}</msg>
<status status="PASS" starttime="20230129 13:19:19.129" endtime="20230129 13:19:19.129"/>
</kw>
<kw name="POST" library="RequestsLibrary">
<var>${post_order_response}</var>
<arg>https://simple-books-api.glitch.me/orders</arg>
<arg>headers=${headers}</arg>
<arg>json=${order_body}</arg>
<doc>Sends a POST request.</doc>
<msg timestamp="20230129 13:19:20.133" level="INFO">POST Request : url=https://simple-books-api.glitch.me/orders 
 path_url=/orders 
 headers={'User-Agent': 'python-requests/2.28.2', 'Accept-Encoding': 'gzip, deflate', 'Accept': '*/*', 'Connection': 'keep-alive', 'Content-Type': 'application/json', 'Authorization': 'Bearer 7d4f95ab72399a5eb469fdee27a161ad8d76c0999942917130e57a90ecbdf2f6', 'Content-Length': '40'} 
 body=b'{"bookId": "4", "customerName": "Jakub"}' 
 </msg>
<msg timestamp="20230129 13:19:20.133" level="INFO">POST Response : url=https://simple-books-api.glitch.me/orders 
 status=201, reason=Created 
 headers={'Date': 'Sun, 29 Jan 2023 12:18:37 GMT', 'Content-Type': 'application/json; charset=utf-8', 'Content-Length': '50', 'Connection': 'keep-alive', 'x-powered-by': 'Express', 'etag': 'W/"32-k9FCikRptlCPtKBnjyiReUf1lOw"'} 
 body={"created":true,"orderId":"680dna8jTtIuROSbfIQDZ"} 
 </msg>
<msg timestamp="20230129 13:19:20.133" level="INFO">${post_order_response} = &lt;Response [201]&gt;</msg>
<status status="PASS" starttime="20230129 13:19:19.129" endtime="20230129 13:19:20.133"/>
</kw>
<status status="PASS" starttime="20230129 13:19:19.124" endtime="20230129 13:19:20.133"/>
</test>
<status status="PASS" starttime="20230129 13:19:17.669" endtime="20230129 13:19:20.138"/>
</suite>
<statistics>
<total>
<stat pass="3" fail="0" skip="0">All Tests</stat>
</total>
<tag>
</tag>
<suite>
<stat pass="3" fail="0" skip="0" id="s1" name="Api">Api</stat>
</suite>
</statistics>
<errors>
</errors>
</robot>
